2019-09-20 17:18:50,442 INFO o.a.j.u.JMeterUtils: Setting Locale to en_EN
2019-09-20 17:18:50,490 INFO o.a.j.JMeter: Loading user properties from: /usr/local/Cellar/jmeter/5.1.1/libexec/bin/user.properties
2019-09-20 17:18:50,491 INFO o.a.j.JMeter: Loading system properties from: /usr/local/Cellar/jmeter/5.1.1/libexec/bin/system.properties
2019-09-20 17:18:50,497 INFO o.a.j.JMeter: Copyright (c) 1998-2019 The Apache Software Foundation
2019-09-20 17:18:50,498 INFO o.a.j.JMeter: Version 5.1.1 r1855137
2019-09-20 17:18:50,498 INFO o.a.j.JMeter: java.version=1.8.0_161
2019-09-20 17:18:50,498 INFO o.a.j.JMeter: java.vm.name=Java HotSpot(TM) 64-Bit Server VM
2019-09-20 17:18:50,498 INFO o.a.j.JMeter: os.name=Mac OS X
2019-09-20 17:18:50,498 INFO o.a.j.JMeter: os.arch=x86_64
2019-09-20 17:18:50,498 INFO o.a.j.JMeter: os.version=10.14.6
2019-09-20 17:18:50,498 INFO o.a.j.JMeter: file.encoding=UTF-8
2019-09-20 17:18:50,498 INFO o.a.j.JMeter: java.awt.headless=null
2019-09-20 17:18:50,499 INFO o.a.j.JMeter: Max memory     =1073741824
2019-09-20 17:18:50,499 INFO o.a.j.JMeter: Available Processors =4
2019-09-20 17:18:50,507 INFO o.a.j.JMeter: Default Locale=English (EN)
2019-09-20 17:18:50,507 INFO o.a.j.JMeter: JMeter  Locale=English (EN)
2019-09-20 17:18:50,507 INFO o.a.j.JMeter: JMeterHome=/usr/local/Cellar/jmeter/5.1.1/libexec
2019-09-20 17:18:50,507 INFO o.a.j.JMeter: user.dir  =/Users/Francisco/Documents/19:20 Semestre1/SCC/scc-backend
2019-09-20 17:18:50,507 INFO o.a.j.JMeter: PWD       =/Users/Francisco/Documents/19:20 Semestre1/SCC/scc-backend
2019-09-20 17:18:50,509 INFO o.a.j.JMeter: IP: 10.22.105.183 Name: 10-22-105-183.ed2.eduroam.fct.unl.pt FullName: 10-22-105-183.ed2.eduroam.fct.unl.pt
2019-09-20 17:18:53,019 INFO o.a.j.g.a.LookAndFeelCommand: Installing Darcula LAF
2019-09-20 17:18:53,061 INFO o.a.j.g.a.LookAndFeelCommand: Using look and feel: com.bulenkov.darcula.DarculaLaf [Darcula]
2019-09-20 17:18:53,062 INFO o.a.j.JMeter: Setting LAF to: com.bulenkov.darcula.DarculaLaf
2019-09-20 17:18:53,200 INFO o.a.j.JMeter: Loaded icon properties from org/apache/jmeter/images/icon.properties
2019-09-20 17:18:55,596 INFO k.a.j.JMeterPluginsUtils: JMeter-Plugins.org v.1.4.0
2019-09-20 17:18:56,494 WARN o.a.j.g.u.MenuFactory: Could not instantiate class: kg.apc.jmeter.reporters.LoadosophiaUploaderGui
java.lang.reflect.InvocationTargetException: null
	at sun.reflect.NativeConstructorAccessorImpl.newInstance0(Native Method) ~[?:1.8.0_161]
	at sun.reflect.NativeConstructorAccessorImpl.newInstance(NativeConstructorAccessorImpl.java:62) ~[?:1.8.0_161]
	at sun.reflect.DelegatingConstructorAccessorImpl.newInstance(DelegatingConstructorAccessorImpl.java:45) ~[?:1.8.0_161]
	at java.lang.reflect.Constructor.newInstance(Constructor.java:423) ~[?:1.8.0_161]
	at org.apache.jmeter.gui.util.MenuFactory.getGUIComponent(MenuFactory.java:174) ~[ApacheJMeter_core.jar:5.1.1 r1855137]
	at org.apache.jmeter.gui.util.MenuFactory.initializeMenus(MenuFactory.java:141) ~[ApacheJMeter_core.jar:5.1.1 r1855137]
	at org.apache.jmeter.gui.util.MenuFactory.<clinit>(MenuFactory.java:106) ~[ApacheJMeter_core.jar:5.1.1 r1855137]
	at org.apache.jmeter.control.gui.TestPlanGui.createPopupMenu(TestPlanGui.java:92) ~[ApacheJMeter_core.jar:5.1.1 r1855137]
	at org.apache.jmeter.gui.tree.JMeterTreeNode.createPopupMenu(JMeterTreeNode.java:185) ~[ApacheJMeter_core.jar:5.1.1 r1855137]
	at org.apache.jmeter.gui.action.EditCommand.doAction(EditCommand.java:46) ~[ApacheJMeter_core.jar:5.1.1 r1855137]
	at org.apache.jmeter.gui.action.ActionRouter.performAction(ActionRouter.java:88) ~[ApacheJMeter_core.jar:5.1.1 r1855137]
	at org.apache.jmeter.gui.action.ActionRouter.lambda$actionPerformed$0(ActionRouter.java:70) ~[ApacheJMeter_core.jar:5.1.1 r1855137]
	at java.awt.event.InvocationEvent.dispatch(InvocationEvent.java:311) [?:1.8.0_161]
	at java.awt.EventQueue.dispatchEventImpl(EventQueue.java:756) [?:1.8.0_161]
	at java.awt.EventQueue.access$500(EventQueue.java:97) [?:1.8.0_161]
	at java.awt.EventQueue$3.run(EventQueue.java:709) [?:1.8.0_161]
	at java.awt.EventQueue$3.run(EventQueue.java:703) [?:1.8.0_161]
	at java.security.AccessController.doPrivileged(Native Method) [?:1.8.0_161]
	at java.security.ProtectionDomain$JavaSecurityAccessImpl.doIntersectionPrivilege(ProtectionDomain.java:80) [?:1.8.0_161]
	at java.awt.EventQueue.dispatchEvent(EventQueue.java:726) [?:1.8.0_161]
	at java.awt.EventDispatchThread.pumpOneEventForFilters(EventDispatchThread.java:201) [?:1.8.0_161]
	at java.awt.EventDispatchThread.pumpEventsForFilter(EventDispatchThread.java:116) [?:1.8.0_161]
	at java.awt.EventDispatchThread.pumpEventsForHierarchy(EventDispatchThread.java:105) [?:1.8.0_161]
	at java.awt.EventDispatchThread.pumpEvents(EventDispatchThread.java:101) [?:1.8.0_161]
	at java.awt.EventDispatchThread.pumpEvents(EventDispatchThread.java:93) [?:1.8.0_161]
	at java.awt.EventDispatchThread.run(EventDispatchThread.java:82) [?:1.8.0_161]
Caused by: java.lang.NoClassDefFoundError: org/apache/commons/httpclient/methods/multipart/PartSource
	at kg.apc.jmeter.reporters.LoadosophiaUploaderGui.init(LoadosophiaUploaderGui.java:114) ~[JMeterPlugins-Standard.jar:?]
	at kg.apc.jmeter.reporters.LoadosophiaUploaderGui.<init>(LoadosophiaUploaderGui.java:28) ~[JMeterPlugins-Standard.jar:?]
	... 26 more
Caused by: java.lang.ClassNotFoundException: org.apache.commons.httpclient.methods.multipart.PartSource
	at java.net.URLClassLoader.findClass(URLClassLoader.java:381) ~[?:1.8.0_161]
	at java.lang.ClassLoader.loadClass(ClassLoader.java:424) ~[?:1.8.0_161]
	at java.lang.ClassLoader.loadClass(ClassLoader.java:357) ~[?:1.8.0_161]
	at kg.apc.jmeter.reporters.LoadosophiaUploaderGui.init(LoadosophiaUploaderGui.java:114) ~[JMeterPlugins-Standard.jar:?]
	at kg.apc.jmeter.reporters.LoadosophiaUploaderGui.<init>(LoadosophiaUploaderGui.java:28) ~[JMeterPlugins-Standard.jar:?]
	... 26 more
2019-09-20 17:18:57,521 INFO o.a.j.p.h.s.HTTPSamplerBase: Parser for text/html is org.apache.jmeter.protocol.http.parser.LagartoBasedHtmlParser
2019-09-20 17:18:57,525 INFO o.a.j.p.h.s.HTTPSamplerBase: Parser for application/xhtml+xml is org.apache.jmeter.protocol.http.parser.LagartoBasedHtmlParser
2019-09-20 17:18:57,525 INFO o.a.j.p.h.s.HTTPSamplerBase: Parser for application/xml is org.apache.jmeter.protocol.http.parser.LagartoBasedHtmlParser
2019-09-20 17:18:57,525 INFO o.a.j.p.h.s.HTTPSamplerBase: Parser for text/xml is org.apache.jmeter.protocol.http.parser.LagartoBasedHtmlParser
2019-09-20 17:18:57,525 INFO o.a.j.p.h.s.HTTPSamplerBase: Parser for text/vnd.wap.wml is org.apache.jmeter.protocol.http.parser.RegexpHTMLParser
2019-09-20 17:18:57,525 INFO o.a.j.p.h.s.HTTPSamplerBase: Parser for text/css is org.apache.jmeter.protocol.http.parser.CssParser
2019-09-20 17:18:57,972 INFO o.a.j.e.KeyToolUtils: keytool found at 'keytool'
2019-09-20 17:18:57,973 INFO o.a.j.p.h.p.ProxyControl: HTTP(S) Test Script Recorder SSL Proxy will use keys that support embedded 3rd party resources in file /usr/local/Cellar/jmeter/5.1.1/libexec/bin/proxyserver.jks
2019-09-20 17:18:58,169 INFO o.a.j.s.FileServer: Default base='/Users/Francisco/Documents/19:20 Semestre1/SCC/scc-backend'
2019-09-20 17:18:58,604 INFO o.a.j.s.SampleResult: Note: Sample TimeStamps are START times
2019-09-20 17:18:58,604 INFO o.a.j.s.SampleResult: sampleresult.default.encoding is set to ISO-8859-1
2019-09-20 17:18:58,604 INFO o.a.j.s.SampleResult: sampleresult.useNanoTime=true
2019-09-20 17:18:58,604 INFO o.a.j.s.SampleResult: sampleresult.nanoThreadSleep=5000
2019-09-20 17:19:13,401 INFO o.a.j.g.a.Load: Loading file: /Users/Francisco/Documents/19:20 Semestre1/SCC/TestServer.jmx
2019-09-20 17:19:13,401 INFO o.a.j.s.FileServer: Set new base='/Users/Francisco/Documents/19:20 Semestre1/SCC'
2019-09-20 17:19:13,672 INFO o.a.j.s.SaveService: Testplan (JMX) version: 2.2. Testlog (JTL) version: 2.2
2019-09-20 17:19:13,690 INFO o.a.j.s.SaveService: Using SaveService properties file encoding UTF-8
2019-09-20 17:19:13,692 INFO o.a.j.s.SaveService: Using SaveService properties version 5.0
2019-09-20 17:19:13,697 INFO o.a.j.s.SaveService: Loading file: /Users/Francisco/Documents/19:20 Semestre1/SCC/TestServer.jmx
2019-09-20 17:19:13,780 INFO o.a.j.s.FileServer: Set new base='/Users/Francisco/Documents/19:20 Semestre1/SCC'
2019-09-20 17:21:16,300 INFO o.a.j.e.StandardJMeterEngine: Running the test!
2019-09-20 17:21:16,308 INFO o.a.j.s.SampleEvent: List of sample_variables: []
2019-09-20 17:21:16,308 INFO o.a.j.s.SampleEvent: List of sample_variables: []
2019-09-20 17:21:16,315 INFO o.a.j.e.u.CompoundVariable: Note: Function class names must contain the string: '.functions.'
2019-09-20 17:21:16,315 INFO o.a.j.e.u.CompoundVariable: Note: Function class names must not contain the string: '.gui.'
2019-09-20 17:21:16,834 INFO o.a.j.g.u.JMeterMenuBar: setRunning(true, *local*)
2019-09-20 17:21:17,013 INFO o.a.j.e.StandardJMeterEngine: Starting ThreadGroup: 1 : Thread Group
2019-09-20 17:21:17,013 INFO o.a.j.e.StandardJMeterEngine: Starting 1 threads for group Thread Group.
2019-09-20 17:21:17,014 INFO o.a.j.e.StandardJMeterEngine: Thread will continue on error
2019-09-20 17:21:17,014 INFO o.a.j.t.ThreadGroup: Starting thread group... number=1 threads=1 ramp-up=1 delayedStart=false
2019-09-20 17:21:17,019 INFO o.a.j.t.ThreadGroup: Started thread group number 1
2019-09-20 17:21:17,020 INFO o.a.j.e.StandardJMeterEngine: All thread groups have been started
2019-09-20 17:21:17,027 INFO o.a.j.t.JMeterThread: Thread started: Thread Group 1-1
2019-09-20 17:21:17,030 INFO o.a.j.c.LoopController: iterationStart called on Loop Controller with source org.apache.jmeter.control.LoopController@1ef5750c and iteration 1
2019-09-20 17:21:17,085 INFO o.a.j.p.h.s.HTTPHCAbstractImpl: Local host = 10-22-105-183.ed2.eduroam.fct.unl.pt
2019-09-20 17:21:17,097 INFO o.a.j.p.h.s.HTTPHC4Impl: HTTP request retry count = 0
2019-09-20 17:21:17,487 INFO o.a.j.p.h.s.h.LazyLayeredConnectionSocketFactory: Setting up HTTPS TrustAll Socket Factory
2019-09-20 17:21:17,497 INFO o.a.j.u.JsseSSLManager: Using default SSL protocol: TLS
2019-09-20 17:21:17,497 INFO o.a.j.u.JsseSSLManager: SSL session context: per-thread
2019-09-20 17:21:17,778 INFO o.a.j.u.SSLManager: JmeterKeyStore Location:  type JKS
2019-09-20 17:21:17,779 INFO o.a.j.u.SSLManager: KeyStore created OK
2019-09-20 17:21:17,779 WARN o.a.j.u.SSLManager: Keystore file not found, loading empty keystore
2019-09-20 17:21:27,094 INFO o.a.j.t.JMeterThread: Thread is done: Thread Group 1-1
2019-09-20 17:21:27,094 INFO o.a.j.t.JMeterThread: Thread finished: Thread Group 1-1
2019-09-20 17:21:27,095 INFO o.a.j.e.StandardJMeterEngine: Notifying test listeners of end of test
2019-09-20 17:21:27,096 INFO o.a.j.g.u.JMeterMenuBar: setRunning(false, *local*)
